==30905== NVPROF is profiling process 30905, command: ./bin/MDpar
==30905== Warning: Profiling results might be incorrect with current version of nvcc compiler used to compile cuda app. Compile with nvcc compiler 9.0 or later version to get correct profiling results. Ignore this warning if code is already compiled with the recommended nvcc version 

  !!!!!!!!!!!!!!!!!!!!!!!!!!!!!!!!!!!!!!!!!!!!!!!!!!!!!!!!!!!!!
                  WELCOME TO WILLY P CHEM MD!
  !!!!!!!!!!!!!!!!!!!!!!!!!!!!!!!!!!!!!!!!!!!!!!!!!!!!!!!!!!!!!

  ENTER A TITLE FOR YOUR CALCULATION!

  !!!!!!!!!!!!!!!!!!!!!!!!!!!!!!!!!!!!!!!!!!!!!!!!!!!!!!!!!!!!!
                  TITLE ENTERED AS 'cp'
  !!!!!!!!!!!!!!!!!!!!!!!!!!!!!!!!!!!!!!!!!!!!!!!!!!!!!!!!!!!!!

  !!!!!!!!!!!!!!!!!!!!!!!!!!!!!!!!!!!!!!!!!!!!!!!!!!!!!!!!!!!!!
  WHICH NOBLE GAS WOULD YOU LIKE TO SIMULATE? (DEFAULT IS ARGON)

  FOR HELIUM,  TYPE 'He' THEN PRESS 'return' TO CONTINUE
  FOR NEON,    TYPE 'Ne' THEN PRESS 'return' TO CONTINUE
  FOR ARGON,   TYPE 'Ar' THEN PRESS 'return' TO CONTINUE
  FOR KRYPTON, TYPE 'Kr' THEN PRESS 'return' TO CONTINUE
  FOR XENON,   TYPE 'Xe' THEN PRESS 'return' TO CONTINUE
  !!!!!!!!!!!!!!!!!!!!!!!!!!!!!!!!!!!!!!!!!!!!!!!!!!!!!!!!!!!!!

  !!!!!!!!!!!!!!!!!!!!!!!!!!!!!!!!!!!!!!!!!!!!!!!!!!!!!!!!!!!!!

                     YOU ARE SIMULATING Ar GAS! 

  !!!!!!!!!!!!!!!!!!!!!!!!!!!!!!!!!!!!!!!!!!!!!!!!!!!!!!!!!!!!!

  !!!!!!!!!!!!!!!!!!!!!!!!!!!!!!!!!!!!!!!!!!!!!!!!!!!!!!!!!!!!!

  YOU WILL NOW ENTER A FEW SIMULATION PARAMETERS
  !!!!!!!!!!!!!!!!!!!!!!!!!!!!!!!!!!!!!!!!!!!!!!!!!!!!!!!!!!!!!


  ENTER THE INTIAL TEMPERATURE OF YOUR GAS IN KELVIN


  ENTER THE NUMBER DENSITY IN moles/m^3
  FOR REFERENCE, NUMBER DENSITY OF AN IDEAL GAS AT STP IS ABOUT 40 moles/m^3
  NUMBER DENSITY OF LIQUID ARGON AT 1 ATM AND 87 K IS ABOUT 35000 moles/m^3
Cuda error: cudaDeviceSynchronize, an illegal memory access was encountered
==30905== Profiling application: ./bin/MDpar
==30905== Profiling result:
            Type  Time(%)      Time     Calls       Avg       Min       Max  Name
 GPU activities:   99.98%  130.65ms         1  130.65ms  130.65ms  130.65ms  newacelarationKernel(int, double*, double*)
                    0.02%  21.568us         1  21.568us  21.568us  21.568us  [CUDA memcpy HtoD]
                    0.01%  6.7850us         1  6.7850us  6.7850us  6.7850us  initializeacelarationKernel(int, double*)
      API calls:   63.79%  329.68ms         1  329.68ms  329.68ms  329.68ms  cudaDeviceSynchronize
                   36.05%  186.27ms         3  62.092ms  4.8640us  186.26ms  cudaMalloc
                    0.07%  340.67us       101  3.3720us     224ns  116.11us  cuDeviceGetAttribute
                    0.05%  258.32us         1  258.32us  258.32us  258.32us  cuDeviceTotalMem
                    0.02%  88.580us         2  44.290us  11.972us  76.608us  cudaLaunchKernel
                    0.02%  87.331us         1  87.331us  87.331us  87.331us  cudaMemcpy
                    0.00%  23.528us         1  23.528us  23.528us  23.528us  cuDeviceGetName
                    0.00%  10.988us         1  10.988us  10.988us  10.988us  cuDeviceGetPCIBusId
                    0.00%  4.5350us         1  4.5350us  4.5350us  4.5350us  cudaGetErrorString
                    0.00%  4.4950us         4  1.1230us     389ns  3.1900us  cudaGetLastError
                    0.00%  3.2300us         3  1.0760us     448ns  2.1640us  cuDeviceGetCount
                    0.00%  1.4320us         2     716ns     349ns  1.0830us  cuDeviceGet
                    0.00%     525ns         1     525ns     525ns     525ns  cuDeviceGetUuid
======== Error: Application returned non-zero code 255
