==30871== NVPROF is profiling process 30871, command: ./bin/MDpar
==30871== Warning: Profiling results might be incorrect with current version of nvcc compiler used to compile cuda app. Compile with nvcc compiler 9.0 or later version to get correct profiling results. Ignore this warning if code is already compiled with the recommended nvcc version 

  !!!!!!!!!!!!!!!!!!!!!!!!!!!!!!!!!!!!!!!!!!!!!!!!!!!!!!!!!!!!!
                  WELCOME TO WILLY P CHEM MD!
  !!!!!!!!!!!!!!!!!!!!!!!!!!!!!!!!!!!!!!!!!!!!!!!!!!!!!!!!!!!!!

  ENTER A TITLE FOR YOUR CALCULATION!

  !!!!!!!!!!!!!!!!!!!!!!!!!!!!!!!!!!!!!!!!!!!!!!!!!!!!!!!!!!!!!
                  TITLE ENTERED AS 'cp'
  !!!!!!!!!!!!!!!!!!!!!!!!!!!!!!!!!!!!!!!!!!!!!!!!!!!!!!!!!!!!!

  !!!!!!!!!!!!!!!!!!!!!!!!!!!!!!!!!!!!!!!!!!!!!!!!!!!!!!!!!!!!!
  WHICH NOBLE GAS WOULD YOU LIKE TO SIMULATE? (DEFAULT IS ARGON)

  FOR HELIUM,  TYPE 'He' THEN PRESS 'return' TO CONTINUE
  FOR NEON,    TYPE 'Ne' THEN PRESS 'return' TO CONTINUE
  FOR ARGON,   TYPE 'Ar' THEN PRESS 'return' TO CONTINUE
  FOR KRYPTON, TYPE 'Kr' THEN PRESS 'return' TO CONTINUE
  FOR XENON,   TYPE 'Xe' THEN PRESS 'return' TO CONTINUE
  !!!!!!!!!!!!!!!!!!!!!!!!!!!!!!!!!!!!!!!!!!!!!!!!!!!!!!!!!!!!!

  !!!!!!!!!!!!!!!!!!!!!!!!!!!!!!!!!!!!!!!!!!!!!!!!!!!!!!!!!!!!!

                     YOU ARE SIMULATING Ar GAS! 

  !!!!!!!!!!!!!!!!!!!!!!!!!!!!!!!!!!!!!!!!!!!!!!!!!!!!!!!!!!!!!

  !!!!!!!!!!!!!!!!!!!!!!!!!!!!!!!!!!!!!!!!!!!!!!!!!!!!!!!!!!!!!

  YOU WILL NOW ENTER A FEW SIMULATION PARAMETERS
  !!!!!!!!!!!!!!!!!!!!!!!!!!!!!!!!!!!!!!!!!!!!!!!!!!!!!!!!!!!!!


  ENTER THE INTIAL TEMPERATURE OF YOUR GAS IN KELVIN


  ENTER THE NUMBER DENSITY IN moles/m^3
  FOR REFERENCE, NUMBER DENSITY OF AN IDEAL GAS AT STP IS ABOUT 40 moles/m^3
  NUMBER DENSITY OF LIQUID ARGON AT 1 ATM AND 87 K IS ABOUT 35000 moles/m^3
Cuda error: memcpy d->h, an illegal memory access was encountered
==30871== Profiling application: ./bin/MDpar
==30871== Warning: 1 records have invalid timestamps due to insufficient device buffer space. You can configure the buffer space using the option --device-buffer-size.
==30871== Warning: 1 records have invalid timestamps due to insufficient semaphore pool size. You can configure the pool size using the option --profiling-semaphore-pool-size.
==30871== Profiling result:
            Type  Time(%)      Time     Calls       Avg       Min       Max  Name
 GPU activities:   99.98%  146.28ms         1  146.28ms  146.28ms  146.28ms  newacelarationKernel(int, double*, double*)
                    0.01%  21.504us         1  21.504us  21.504us  21.504us  [CUDA memcpy HtoD]
                    0.01%  9.4080us         1  9.4080us  9.4080us  9.4080us  initializeacelarationKernel(int, double*)
      API calls:   66.44%  379.41ms         2  189.70ms  85.861us  379.32ms  cudaMemcpy
                   33.43%  190.92ms         3  63.640ms  4.8900us  190.91ms  cudaMalloc
                    0.04%  255.55us         1  255.55us  255.55us  255.55us  cuDeviceTotalMem
                    0.04%  201.69us       101  1.9960us     176ns  83.363us  cuDeviceGetAttribute
                    0.03%  149.60us         1  149.60us  149.60us  149.60us  cuDeviceGetName
                    0.02%  111.85us         2  55.923us  11.780us  100.07us  cudaLaunchKernel
                    0.00%  11.884us         1  11.884us  11.884us  11.884us  cuDeviceGetPCIBusId
                    0.00%  4.0720us         4  1.0180us     393ns  2.8140us  cudaGetLastError
                    0.00%  3.9100us         1  3.9100us  3.9100us  3.9100us  cudaGetErrorString
                    0.00%  1.9280us         3     642ns     309ns  1.0490us  cuDeviceGetCount
                    0.00%  1.3410us         2     670ns     269ns  1.0720us  cuDeviceGet
                    0.00%     694ns         1     694ns     694ns     694ns  cuDeviceGetUuid
======== Error: Application returned non-zero code 255
